<?xml version="1.0" encoding="UTF-8"?>
<!-- Generated by org.testng.reporters.JUnitReportReporter -->
<testsuite hostname="PaxoTech-Win7" name="demo.jenkins.JenkinsTest" tests="1" failures="0" timestamp="27 Dec 2015 03:38:43 GMT" time="4.918" errors="0">
  <testcase name="test" time="4.918" classname="demo.jenkins.JenkinsTest"/>
</testsuite> <!-- demo.jenkins.JenkinsTest -->
